
Resnet18 attention Hyperopt trials
tid,loss,learning_rate,batch_size,time,n_epochs,n_params,perf_time
0,0.172429,0.000500,8,335,3373,11169878,335.546162
1,0.143435,0.000500,9,280,3373,11169878,279.901583
2,0.189633,0.000500,8,270,3373,11169878,270.108392
3,0.354634,0.000500,9,307,3373,11169878,307.319846
4,0.192915,0.000500,9,289,3373,11169878,289.474791
5,0.574442,0.000500,8,269,3373,11169878,269.941444
6,0.233489,0.000500,9,260,3373,11169878,260.888687
7,0.159777,0.000500,7,455,3373,11169878,455.996175
8,0.201815,0.000500,9,195,3373,11169878,195.706088
9,0.191833,0.000500,7,559,3373,11169878,559.546561
10,0.232430,0.000500,7,476,3373,11169878,476.340312
11,1.011744,0.000500,8,258,3373,11169878,258.397682
12,0.156023,0.000500,9,213,3373,11169878,213.985668
13,0.140451,0.000500,9,214,3373,11169878,213.812152
14,0.174155,0.000500,8,331,3373,11169878,331.951152
15,1.011630,0.000500,8,306,3373,11169878,306.669653
16,0.243776,0.000500,8,268,3373,11169878,268.776050
17,0.176890,0.000500,8,269,3373,11169878,269.848033
18,0.373253,0.000500,7,475,3373,11169878,475.410198
19,0.169721,0.000500,7,475,3373,11169878,475.514905

Best parameters:{'batch_size': 7, 'f': 1, 'learning_rate': 8.399132387928776e-05}

Model parameters: 11169878
Best Time taken: 213.812152
max accuracy----0.76
avg accuracy----0.6294444444444445
Resnet18 attention Hyperopt trials
tid,loss,learning_rate,batch_size,time,n_epochs,n_params,perf_time
0,0.146765,0.000500,7,579,3373,11169878,579.418248
1,0.134305,0.000500,8,259,3373,11169878,258.742165
2,0.149850,0.000500,7,434,3373,11169878,434.397152
3,0.130315,0.000500,8,270,3373,11169878,270.411365
4,0.164074,0.000500,7,477,3373,11169878,477.367169
5,0.144459,0.000500,9,233,3373,11169878,233.000255
6,0.220831,0.000500,9,244,3373,11169878,244.916853
7,0.148160,0.000500,7,456,3373,11169878,456.509979
8,1.004087,0.000500,7,457,3373,11169878,457.211627
9,0.232471,0.000500,8,283,3373,11169878,283.037934
10,0.296084,0.000500,9,327,3373,11169878,327.267065
11,0.235472,0.000500,8,369,3373,11169878,369.056566
12,0.165833,0.000500,7,543,3373,11169878,543.842813
13,0.120848,0.000500,8,270,3373,11169878,270.305378
14,1.003436,0.000500,8,761,3373,11169878,761.663055
15,0.145157,0.000500,8,270,3373,11169878,270.272938
16,0.299354,0.000500,8,356,3373,11169878,356.260127
17,0.210713,0.000500,8,307,3373,11169878,307.151507
18,0.127651,0.000500,9,214,3373,11169878,214.912041
19,0.137956,0.000500,8,258,3373,11169878,258.152818

Best parameters:{'batch_size': 5, 'f': 2, 'learning_rate': 7.01778016724543e-05}

Model parameters: 11169878
Best Time taken: 270.305378
max accuracy----0.7
avg accuracy----0.5222222222222223