
Resnet18 no attention Hyperopt trials
tid,loss,learning_rate,batch_size,time,n_epochs,n_params,perf_time
0,0.144649,0.000500,9,47,937,11168835,46.944201
1,0.121760,0.000500,10,41,937,11168835,40.956415
2,0.144966,0.000500,8,55,937,11168835,55.216496
3,0.948994,0.000500,10,74,937,11168835,74.328976
4,0.199690,0.000500,10,67,937,11168835,67.024413
5,0.445861,0.000500,9,41,937,11168835,41.019569
6,0.540582,0.000500,10,146,937,11168835,146.306756
7,0.141385,0.000500,7,101,937,11168835,101.772207
8,0.461110,0.000500,10,45,937,11168835,45.666144
9,0.181972,0.000500,7,140,937,11168835,140.226562
10,0.151960,0.000500,7,102,937,11168835,102.251316
11,0.328470,0.000500,8,58,937,11168835,58.042111
12,0.151696,0.000500,9,41,937,11168835,41.642591
13,0.120184,0.000500,10,43,937,11168835,42.698415
14,0.171135,0.000500,9,48,937,11168835,48.130894
15,0.799923,0.000500,9,45,937,11168835,45.450942
16,0.147061,0.000500,8,58,937,11168835,58.158129
17,0.149052,0.000500,8,61,937,11168835,60.874684
18,0.205740,0.000500,7,204,937,11168835,203.809750
19,0.151673,0.000500,7,108,937,11168835,107.866869

Best parameters:{'batch_size': 9, 'f': 1, 'learning_rate': 8.399132387928776e-05}

Model parameters: 11168835
Best Time taken: 42.698415
max accuracy----0.64
avg accuracy----0.5394957983193277
Resnet18 no attention Hyperopt trials
tid,loss,learning_rate,batch_size,time,n_epochs,n_params,perf_time
0,0.195123,0.000500,8,59,973,11168835,58.929544
1,0.194837,0.000500,9,45,973,11168835,44.920446
2,0.184691,0.000500,7,116,973,11168835,116.129062
3,0.157417,0.000500,9,50,973,11168835,50.370744
4,0.177281,0.000500,7,116,973,11168835,115.973338
5,0.180086,0.000500,9,48,973,11168835,48.017928
6,0.802888,0.000500,10,36,973,11168835,35.838963
7,0.165607,0.000500,7,130,973,11168835,129.975300
8,0.318262,0.000500,7,124,973,11168835,124.574275
9,0.748426,0.000500,9,39,973,11168835,39.025751
10,0.848144,0.000500,9,42,973,11168835,42.086128
11,0.800764,0.000500,9,40,973,11168835,40.271605
12,0.177980,0.000500,8,57,973,11168835,57.500634
13,0.162627,0.000500,9,40,973,11168835,40.207310
14,0.632464,0.000500,8,60,973,11168835,59.983461
15,0.179570,0.000500,8,65,973,11168835,65.197351
16,0.324403,0.000500,8,92,973,11168835,92.044794
17,0.320606,0.000500,8,58,973,11168835,58.498901
18,0.771444,0.000500,10,38,973,11168835,37.970865
19,0.159886,0.000500,9,48,973,11168835,48.527127

Best parameters:{'batch_size': 7, 'f': 2, 'learning_rate': 7.842280469295795e-05}

Model parameters: 11168835
Best Time taken: 42.698415
max accuracy----0.74
avg accuracy----0.5617173524150268