
Resnet18 attention Hyperopt trials
tid,loss,learning_rate,batch_size,time,n_epochs,n_params,perf_time
0,0.000222,0.000056,7,2270,720000,11169878,2269.121977
1,0.000782,0.000309,7,2285,720000,11169878,2284.972226
2,0.000299,0.000010,7,2266,720000,11169878,2266.653964
3,0.000930,0.000559,7,2268,720000,11169878,2268.284910
4,0.000803,0.000014,7,2268,720000,11169878,2268.394200
5,0.000780,0.008449,7,2269,720000,11169878,2269.272308
6,0.000831,0.000017,7,2268,720000,11169878,2268.194859
7,0.001656,0.000902,7,2268,720000,11169878,2268.423244
8,0.000163,0.004416,7,2268,720000,11169878,2268.029915
9,0.000704,0.001227,7,2270,720000,11169878,2269.443986
10,0.000101,0.000516,7,2271,720000,11169878,2270.269850
11,0.000436,0.002011,7,2268,720000,11169878,2267.890799
12,0.000115,0.001354,7,2268,720000,11169878,2267.440798
13,0.000230,0.000117,7,2268,720000,11169878,2268.261953
14,0.000157,0.000268,7,2270,720000,11169878,2269.491894
15,0.000432,0.000075,7,2270,720000,11169878,2269.536572
16,0.000570,0.001460,7,2270,720000,11169878,2269.549937
17,0.000337,0.001832,7,2268,720000,11169878,2268.071858
18,0.000876,0.000959,7,2267,720000,11169878,2266.900833
19,0.000384,0.000018,7,2267,720000,11169878,2266.986354

Best parameters:{'batch_size': 5, 'learning_rate': 0.0005158114896650301, 'n_classes': 6}

Model parameters: 11169878
Best Time taken: 2270.269850max accuracy----
0.56avg accuracy----
0.4132231404958678