
Resnet18 no attention Hyperopt trials
tid,loss,learning_rate,batch_size,time,n_epochs,n_params,perf_time
0,0.142211,0.000500,9,59,937,11169365,58.762858
1,0.123236,0.000500,10,51,937,11169365,50.931537
2,0.141622,0.000500,8,60,937,11169365,60.649799
3,0.674147,0.000500,10,71,937,11169365,71.350700
4,0.396724,0.000500,10,53,937,11169365,53.188380
5,0.687472,0.000500,9,47,937,11169365,47.630095
6,0.945666,0.000500,10,34,937,11169365,34.062199
7,0.141596,0.000500,7,133,937,11169365,133.023284
8,0.163035,0.000500,10,81,937,11169365,81.166204
9,0.283683,0.000500,7,184,937,11169365,184.682715
10,0.174892,0.000500,7,107,937,11169365,107.415777
11,0.248731,0.000500,8,83,937,11169365,83.911203
12,0.139483,0.000500,9,56,937,11169365,56.179447
13,0.159236,0.000500,10,50,937,11169365,50.421848
14,0.176124,0.000500,9,59,937,11169365,59.677404
15,1.015088,0.000500,9,106,937,11169365,106.006111
16,0.183853,0.000500,8,61,937,11169365,61.587494
17,0.211836,0.000500,8,59,937,11169365,59.559663
18,0.446392,0.000500,7,165,937,11169365,165.583600
19,0.160010,0.000500,7,112,937,11169365,112.579830

Best parameters:{'batch_size': 9, 'f': 1, 'learning_rate': 0.00010060372500625319}

Model parameters: 11169365
Best Time taken: 50.931537
max accuracy----0.54
avg accuracy----0.3663865546218487
Resnet18 no attention Hyperopt trials
tid,loss,learning_rate,batch_size,time,n_epochs,n_params,perf_time
0,0.186447,0.000500,8,76,973,11169365,76.600044
1,0.380053,0.000500,9,43,973,11169365,43.610657
2,0.244121,0.000500,7,116,973,11169365,116.111986
3,0.169207,0.000500,9,50,973,11169365,50.679103
4,0.194864,0.000500,7,141,973,11169365,141.804873
5,0.361102,0.000500,9,40,973,11169365,40.967269
6,0.875227,0.000500,10,38,973,11169365,38.386401
7,0.183432,0.000500,7,136,973,11169365,136.337436
8,0.243940,0.000500,7,225,973,11169365,225.795926
9,0.244628,0.000500,9,60,973,11169365,60.400511
10,0.955491,0.000500,9,68,973,11169365,68.565937
11,0.819332,0.000500,9,41,973,11169365,41.276201
12,0.205074,0.000500,8,59,973,11169365,59.930794
13,0.306815,0.000500,9,40,973,11169365,40.828699
14,0.955224,0.000500,8,73,973,11169365,73.871306
15,0.225659,0.000500,8,68,973,11169365,68.592812
16,0.652103,0.000500,8,102,973,11169365,102.285204
17,0.593060,0.000500,8,60,973,11169365,60.058970
18,0.288784,0.000500,10,58,973,11169365,58.024435
19,0.306165,0.000500,9,54,973,11169365,54.333669

Best parameters:{'batch_size': 7, 'f': 2, 'learning_rate': 7.842280469295795e-05}

Model parameters: 11169365
Best Time taken: 50.931537
max accuracy----0.64
avg accuracy----0.5456171735241503